2024-09-26 00:06:56,882 - INFO - Adding job tentatively -- it will be properly scheduled when the scheduler starts
2024-09-26 00:06:56,884 - INFO - Added job "task" to job store "default"
2024-09-26 00:06:56,884 - INFO - Scheduler started
2024-09-26 00:06:56,884 - INFO - Планировщик запущено
2024-09-26 00:07:17,129 - INFO - HTTP Request: GET https://my.satu.kz/api/v1/orders/list?date_from=2024-09-23%2017%3A34%3A00&status=pending "HTTP/1.1 200 OK"
2024-09-26 00:12:02,679 - INFO - Scheduler has been shut down
2024-09-26 00:12:02,680 - INFO - Планировщик запущено
2024-09-26 00:13:15,126 - INFO - Adding job tentatively -- it will be properly scheduled when the scheduler starts
2024-09-26 00:13:15,127 - INFO - Added job "task" to job store "default"
2024-09-26 00:13:15,127 - INFO - Scheduler started
2024-09-26 00:13:15,127 - INFO - Планировщик запущено
2024-09-26 00:18:59,920 - INFO - Scheduler has been shut down
2024-09-26 00:18:59,920 - INFO - Планировщик запущено
2024-09-26 12:35:16,534 - INFO - Adding job tentatively -- it will be properly scheduled when the scheduler starts
2024-09-26 12:35:16,535 - INFO - Added job "task" to job store "default"
2024-09-26 12:35:16,535 - INFO - Scheduler started
2024-09-26 12:35:16,536 - INFO - Планировщик запущено
2024-09-26 12:38:15,869 - INFO - Scheduler has been shut down
2024-09-26 12:38:15,870 - INFO - Планировщик запущено
2024-09-26 12:38:25,347 - INFO - Adding job tentatively -- it will be properly scheduled when the scheduler starts
2024-09-26 12:38:25,348 - INFO - Added job "task" to job store "default"
2024-09-26 12:38:25,348 - INFO - Scheduler started
2024-09-26 12:38:25,348 - INFO - Планировщик запущено
2024-09-26 12:38:26,555 - INFO - Scheduler has been shut down
2024-09-26 12:38:26,556 - INFO - Планировщик запущено
2024-09-26 12:39:03,610 - INFO - Adding job tentatively -- it will be properly scheduled when the scheduler starts
2024-09-26 12:39:03,611 - INFO - Added job "task" to job store "default"
2024-09-26 12:39:03,611 - INFO - Scheduler started
2024-09-26 12:39:03,611 - INFO - Планировщик запущено
2024-09-26 12:40:03,612 - INFO - Running job "task (trigger: interval[0:01:00], next run at: 2024-09-26 12:40:03 +06)" (scheduled at 2024-09-26 12:40:03.610034+06:00)
2024-09-26 12:40:03,617 - ERROR - Job "task (trigger: interval[0:01:00], next run at: 2024-09-26 12:41:03 +06)" raised an exception
Traceback (most recent call last):
  File "/root/gold-tech-satu-amo/venv/lib/python3.11/site-packages/apscheduler/executors/base.py", line 125, in run_job
    retval = job.func(*job.args, **job.kwargs)
             ^^^^^^^^^^^^^^^^^^^^^^^^^^^^^^^^^
  File "/root/gold-tech-satu-amo/main.py", line 54, in task
    date = datetime.strptime(date, "%Y.%m.%dT%H:%M")
           ^^^^^^^^^^^^^^^^^^^^^^^^^^^^^^^^^^^^^^^^^
  File "/usr/local/lib/python3.11/_strptime.py", line 568, in _strptime_datetime
    tt, fraction, gmtoff_fraction = _strptime(data_string, format)
                                    ^^^^^^^^^^^^^^^^^^^^^^^^^^^^^^
  File "/usr/local/lib/python3.11/_strptime.py", line 352, in _strptime
    raise ValueError("unconverted data remains: %s" %
ValueError: unconverted data remains: 

2024-09-26 12:40:21,265 - INFO - Scheduler has been shut down
2024-09-26 12:40:21,265 - INFO - Планировщик запущено
2024-09-26 12:40:33,486 - INFO - Adding job tentatively -- it will be properly scheduled when the scheduler starts
2024-09-26 12:40:33,486 - INFO - Added job "task" to job store "default"
2024-09-26 12:40:33,487 - INFO - Scheduler started
2024-09-26 12:40:33,487 - INFO - Планировщик запущено
2024-09-26 12:40:36,800 - INFO - Scheduler has been shut down
2024-09-26 12:40:36,801 - INFO - Планировщик запущено
